#                                                                       --- full sequence ---- --- best 1 domain ---- --- domain number estimation ----
# target name             accession  query name              accession    E-value  score  bias   E-value  score  bias   exp reg clu  ov env dom rep inc description of target
#     ------------------- ----------    -------------------- ---------- --------- ------ ----- --------- ------ -----   --- --- --- --- --- --- --- --- ---------------------
sp|Q868Z9|PPN_DROME       -          pdb_kunitz_rp_formatted -             2e-199  641.8 179.4     5e-20   67.3   6.1  13.9  13   1   1  14  14  12  12 Papilin OS=Drosophila melanogaster OX=7227 GN=Ppn PE=1 SV=2
sp|O76840|PPN1_CAEEL      -          pdb_kunitz_rp_formatted -           7.4e-183  588.8 146.0   2.8e-20   68.1   4.9  13.2  12   1   1  13  13  11  11 Papilin OS=Caenorhabditis elegans OX=6239 GN=mig-6 PE=1 SV=1
sp|O54819|TFPI1_MOUSE     -          pdb_kunitz_rp_formatted -            3.3e-69  224.8  38.5   1.5e-25   85.0   5.5   3.1   3   0   0   3   3   3   3 Tissue factor pathway inhibitor OS=Mus musculus OX=10090 GN=Tfpi PE=2 SV=1
sp|P86733|KCP_HALAI       -          pdb_kunitz_rp_formatted -            1.2e-49  162.2  20.6   1.9e-25   84.7   6.0   2.0   2   0   0   2   2   2   2 BPTI/Kunitz domain-containing protein (Fragment) OS=Haliotis asinina OX=109174 PE=1 SV=1
sp|O35536|TFPI2_MOUSE     -          pdb_kunitz_rp_formatted -            5.2e-49  160.1  25.7   1.1e-23   79.0   3.3   3.1   3   0   0   3   3   3   3 Tissue factor pathway inhibitor 2 OS=Mus musculus OX=10090 GN=Tfpi2 PE=2 SV=1
sp|W4VSH9|VKT1_TRILK      -          pdb_kunitz_rp_formatted -            3.4e-47  154.3  19.3   3.9e-25   83.7   5.4   2.2   2   0   0   2   2   2   2 Kunitz-type U19-barytoxin-Tl1a OS=Trittame loki OX=1295018 PE=2 SV=2
sp|Q6T269|VKT3_BITGA      -          pdb_kunitz_rp_formatted -            7.4e-47  153.2  27.1   3.4e-24   80.6   9.5   3.0   1   1   2   3   3   3   2 Kunitz-type serine protease inhibitor bitisilin-3 (Fragment) OS=Bitis gabonica OX=8694 PE=2 SV=1
sp|Q8WPI2|KUNIH_RHIMP     -          pdb_kunitz_rp_formatted -            9.6e-47  152.9  22.8   4.3e-26   86.7   7.5   2.1   2   0   0   2   2   2   2 Boophilin-H2 OS=Rhipicephalus microplus OX=6941 PE=1 SV=1
sp|C0HMC7|KUN_HAEDO       -          pdb_kunitz_rp_formatted -            3.4e-45  147.9  25.4   6.8e-27   89.3   7.5   2.1   2   0   0   2   2   2   2 Doenitin-1 OS=Haemaphysalis doenitzi OX=1048531 PE=2 SV=1
sp|P04365|IATR_HORSE      -          pdb_kunitz_rp_formatted -            2.2e-43  142.1  19.0     9e-23   76.1   5.7   2.0   1   1   1   2   2   2   2 Inter-alpha-trypsin inhibitor (Fragment) OS=Equus caballus OX=9796 PE=1 SV=2
sp|P62757|IATR_SHEEP      -          pdb_kunitz_rp_formatted -            2.2e-40  132.5  22.1   6.7e-22   73.3   5.0   2.0   1   1   1   2   2   2   2 Inter-alpha-trypsin inhibitor (Fragment) OS=Ovis aries OX=9940 PE=1 SV=1
sp|Q9R097|SPIT1_MOUSE     -          pdb_kunitz_rp_formatted -            3.3e-40  131.9  25.1   6.6e-22   73.3   6.3   2.6   2   0   0   2   2   2   2 Kunitz-type protease inhibitor 1 OS=Mus musculus OX=10090 GN=Spint1 PE=1 SV=2
sp|Q62577|AMBP_MERUN      -          pdb_kunitz_rp_formatted -            9.1e-40  130.5  20.1   1.4e-21   72.2   7.0   2.3   1   1   1   2   2   2   2 Protein AMBP OS=Meriones unguiculatus OX=10047 GN=AMBP PE=2 SV=1
sp|B2BS84|VKT_AUSLA       -          pdb_kunitz_rp_formatted -            1.5e-39  129.8  19.1   1.3e-20   69.1   5.4   2.2   2   0   0   2   2   2   2 Putative Kunitz-type serine protease inhibitor OS=Austrelaps labialis OX=471292 PE=2 SV=1
sp|Q08E66|WFKN2_BOVIN     -          pdb_kunitz_rp_formatted -            1.8e-39  129.6  18.7   3.1e-24   80.8   5.0   3.2   2   1   0   2   2   2   2 WAP, Kazal, immunoglobulin, Kunitz and NTR domain-containing protein 2 OS=Bos taurus OX=9913 GN=WFIKKN2 PE=2 SV=1
sp|Q7TQN3|WFKN2_MOUSE     -          pdb_kunitz_rp_formatted -            1.2e-38  126.9  11.0   2.7e-24   81.0   1.7   3.1   2   0   0   2   2   2   2 WAP, Kazal, immunoglobulin, Kunitz and NTR domain-containing protein 2 OS=Mus musculus OX=10090 GN=Wfikkn2 PE=1 SV=2
sp|P83609|BMTIA_RHIMP     -          pdb_kunitz_rp_formatted -            7.4e-38  124.4  18.4   1.6e-20   68.9   2.9   2.0   2   0   0   2   2   2   2 Kunitz-type serine protease inhibitor A (Fragments) OS=Rhipicephalus microplus OX=6941 PE=1 SV=2
sp|Q8TEU8|WFKN2_HUMAN     -          pdb_kunitz_rp_formatted -            3.4e-34  112.7  25.3     6e-23   76.6   6.0   3.4   3   1   0   3   3   2   2 WAP, Kazal, immunoglobulin, Kunitz and NTR domain-containing protein 2 OS=Homo sapiens OX=9606 GN=WFIKKN2 PE=1 SV=1
sp|A0A1D0BND9|TD1A_HADIN  -          pdb_kunitz_rp_formatted -            5.8e-30   99.1  21.2   1.6e-15   52.9  10.8   2.1   2   0   0   2   2   2   2 U13-hexatoxin-Hi1a OS=Hadronyche infensa OX=153481 PE=2 SV=1
sp|P00975|IBPS_BOVIN      -          pdb_kunitz_rp_formatted -            5.1e-29   96.1   7.5   5.5e-29   96.0   7.5   1.0   1   0   0   1   1   1   1 Serum basic protease inhibitor OS=Bos taurus OX=9913 PE=1 SV=1
sp|P36992|AMBP_PLEPL      -          pdb_kunitz_rp_formatted -            1.3e-28   94.8  16.3   4.1e-19   64.4   6.6   2.3   1   1   1   2   2   2   2 Protein AMBP (Fragment) OS=Pleuronectes platessa OX=8262 PE=2 SV=1
sp|P0DMW7|VKT3B_ACTEQ     -          pdb_kunitz_rp_formatted -            1.5e-28   94.6   8.8   1.5e-28   94.6   8.8   1.0   1   0   0   1   1   1   1 PI-actitoxin-Aeq3b OS=Actinia equina OX=6106 PE=1 SV=1
sp|P0DMW6|VKT3A_ACTEQ     -          pdb_kunitz_rp_formatted -            2.1e-28   94.1   9.9   2.2e-28   94.0   9.9   1.0   1   0   0   1   1   1   1 PI-actitoxin-Aeq3a OS=Actinia equina OX=6106 PE=1 SV=1
sp|Q6T6T5|VKT1_BITGA      -          pdb_kunitz_rp_formatted -            2.5e-28   93.9   8.8     3e-28   93.6   8.8   1.1   1   0   0   1   1   1   1 Kunitz-type serine protease inhibitor bitisilin-1 OS=Bitis gabonica OX=8694 PE=1 SV=1
sp|Q7LZS8|VKTRE_DENAN     -          pdb_kunitz_rp_formatted -            2.6e-28   93.8   6.0   2.7e-28   93.8   6.0   1.0   1   0   0   1   1   1   1 Kunitz-type serine protease inhibitor long epsilon-dendrotoxin Arg55 OS=Dendroaspis angusticeps OX=8618 PE=1 SV=1
sp|B5KL39|VKT2_AUSSU      -          pdb_kunitz_rp_formatted -              5e-28   92.9   5.2   5.6e-28   92.8   5.2   1.0   1   0   0   1   1   1   1 Kunitz-type serine protease inhibitor superbin-2 OS=Austrelaps superbus OX=29156 PE=2 SV=1
sp|P04815|BPT2_BOVIN      -          pdb_kunitz_rp_formatted -            5.8e-28   92.7   8.1   7.6e-28   92.3   8.1   1.2   1   0   0   1   1   1   1 Spleen trypsin inhibitor I OS=Bos taurus OX=9913 PE=1 SV=2
sp|Q90W98|VKT4_PSETT      -          pdb_kunitz_rp_formatted -            6.6e-28   92.5   6.7   7.5e-28   92.4   6.7   1.0   1   0   0   1   1   1   1 Kunitz-type serine protease inhibitor textilinin-4 OS=Pseudonaja textilis textilis OX=169397 PE=2 SV=1
sp|Q7LZE3|VKTHE_DENAN     -          pdb_kunitz_rp_formatted -            6.9e-28   92.5   5.7   7.3e-28   92.4   5.7   1.0   1   0   0   1   1   1   1 Kunitz-type serine protease inhibitor long epsilon-dendrotoxin His55 OS=Dendroaspis angusticeps OX=8618 PE=1 SV=2
sp|C0HJU7|VKT2G_RADCR     -          pdb_kunitz_rp_formatted -              7e-28   92.5   3.4   7.3e-28   92.4   3.4   1.0   1   0   0   1   1   1   1 PI-stichotoxin-Hcr2g OS=Radianthus crispa OX=3122430 PE=1 SV=1
sp|F8J2F3|VKT28_DRYCN     -          pdb_kunitz_rp_formatted -            7.9e-28   92.3   5.7     9e-28   92.1   5.7   1.0   1   0   0   1   1   1   1 Kunitz-type serine protease inhibitor 28 OS=Drysdalia coronoides OX=66186 PE=1 SV=1
sp|Q9TWG0|VKT1_ANESU      -          pdb_kunitz_rp_formatted -            8.6e-28   92.2   5.2   9.9e-28   92.0   5.2   1.0   1   0   0   1   1   1   1 KappaPI-actitoxin-Avd3b OS=Anemonia sulcata OX=6108 PE=1 SV=1
sp|B5L5R0|IVBI4_PSEPO     -          pdb_kunitz_rp_formatted -              1e-27   91.9   6.8   1.1e-27   91.8   6.8   1.0   1   0   0   1   1   1   1 Blackelin-4 OS=Pseudechis porphyriacus OX=8671 PE=3 SV=1
sp|Q2ES47|VKT4_DABRR      -          pdb_kunitz_rp_formatted -            1.1e-27   91.8   6.2   1.3e-27   91.6   6.2   1.0   1   0   0   1   1   1   1 Kunitz-type serine protease inhibitor 4 OS=Daboia russelii OX=8707 PE=2 SV=1
sp|P0DN06|VKT1A_ANEVI     -          pdb_kunitz_rp_formatted -            1.4e-27   91.5   4.4   1.7e-27   91.2   4.4   1.1   1   0   0   1   1   1   1 U-actitoxin-Avd3f OS=Anemonia viridis OX=51769 PE=3 SV=1
sp|B5KF96|VKT2_CRYNI      -          pdb_kunitz_rp_formatted -            1.4e-27   91.4   6.2   1.6e-27   91.3   6.2   1.0   1   0   0   1   1   1   1 Kunitz-type serine protease inhibitor nigrescinin-2 OS=Cryptophis nigrescens OX=292442 PE=2 SV=1
sp|C0HLA7|MAMB4_DENVI     -          pdb_kunitz_rp_formatted -            1.8e-27   91.1   8.8     2e-27   91.0   8.8   1.0   1   0   0   1   1   1   1 Mambaquaretin-4 OS=Dendroaspis viridis OX=8621 PE=1 SV=1
sp|P0DN08|VKT53_ANEVI     -          pdb_kunitz_rp_formatted -            1.9e-27   91.1   6.5   2.3e-27   90.8   6.5   1.1   1   0   0   1   1   1   1 KappaPI-actitoxin-Avd3e OS=Anemonia viridis OX=51769 PE=3 SV=1
sp|C0HLA5|MAMB2_DENVI     -          pdb_kunitz_rp_formatted -            2.2e-27   90.9   9.2   2.4e-27   90.8   9.2   1.0   1   0   0   1   1   1   1 Mambaquaretin-2 OS=Dendroaspis viridis OX=8621 PE=1 SV=1
sp|B6RLX2|VKTCT_OPHHA     -          pdb_kunitz_rp_formatted -            2.4e-27   90.7   6.4   2.7e-27   90.6   6.4   1.0   1   0   0   1   1   1   1 Kunitz-type serine protease inhibitor TCI OS=Ophiophagus hannah OX=8665 PE=1 SV=1
sp|C0HK73|3BPI_HETMG      -          pdb_kunitz_rp_formatted -            2.4e-27   90.7   2.6   2.6e-27   90.6   2.6   1.0   1   0   0   1   1   1   1 PI-stichotoxin-Hmg3b OS=Heteractis magnifica OX=38281 PE=1 SV=1
sp|B5KL36|VKT5_CRYNI      -          pdb_kunitz_rp_formatted -            2.6e-27   90.6   7.6   2.9e-27   90.5   7.6   1.0   1   0   0   1   1   1   1 Kunitz-type serine protease inhibitor nigrescinin-5 OS=Cryptophis nigrescens OX=292442 PE=2 SV=1
sp|P29216|A4_MACMU        -          pdb_kunitz_rp_formatted -            2.8e-27   90.5   5.9   3.3e-27   90.3   5.9   1.1   1   0   0   1   1   1   1 Amyloid-beta precursor protein (Fragment) OS=Macaca mulatta OX=9544 GN=APP PE=2 SV=1
sp|P00982|VKTHD_DENAN     -          pdb_kunitz_rp_formatted -            3.1e-27   90.4   6.7   3.2e-27   90.3   6.7   1.0   1   0   0   1   1   1   1 Kunitz-type serine protease inhibitor homolog delta-dendrotoxin OS=Dendroaspis angusticeps OX=8618 PE=1 SV=1
sp|Q90W99|VKT3_PSETT      -          pdb_kunitz_rp_formatted -            3.1e-27   90.4   7.9   3.5e-27   90.2   7.9   1.0   1   0   0   1   1   1   1 Kunitz-type serine protease inhibitor textilinin-3 OS=Pseudonaja textilis textilis OX=169397 PE=2 SV=1
sp|C0HJF4|VKT2C_RADCR     -          pdb_kunitz_rp_formatted -            3.7e-27   90.1   4.9   3.9e-27   90.1   4.9   1.0   1   0   0   1   1   1   1 TauPI-stichotoxin-Hcr2c OS=Radianthus crispa OX=3122430 PE=1 SV=1
sp|B5L5R7|VKT2_HOPST      -          pdb_kunitz_rp_formatted -            4.1e-27   90.0   8.2   4.6e-27   89.8   8.2   1.0   1   0   0   1   1   1   1 Kunitz-type serine protease inhibitor stephenin-2 OS=Hoplocephalus stephensii OX=196418 PE=3 SV=1
sp|P00986|VKT2_NAJNI      -          pdb_kunitz_rp_formatted -            4.9e-27   89.7   4.2   5.2e-27   89.7   4.2   1.0   1   0   0   1   1   1   1 Kunitz-type serine protease inhibitor 2 OS=Naja nivea OX=8655 PE=1 SV=1
sp|B5KL37|VKT6_CRYNI      -          pdb_kunitz_rp_formatted -            5.4e-27   89.6   7.1   6.1e-27   89.4   7.1   1.0   1   0   0   1   1   1   1 Kunitz-type serine protease inhibitor nigrescinin-6 OS=Cryptophis nigrescens OX=292442 PE=2 SV=1
sp|Q6ITC0|VKT2_PSEAU      -          pdb_kunitz_rp_formatted -            5.5e-27   89.6   5.2   6.3e-27   89.4   5.2   1.0   1   0   0   1   1   1   1 Kunitz-type serine protease inhibitor mulgin-2 OS=Pseudechis australis OX=8670 PE=2 SV=1
sp|A0A1Z0YU59|MAMB1_DENAN -          pdb_kunitz_rp_formatted -            7.6e-27   89.1   9.7   8.1e-27   89.0   9.7   1.0   1   0   0   1   1   1   1 Mambaquaretin-1 OS=Dendroaspis angusticeps OX=8618 PE=1 SV=2
sp|Q964Q0|IXOSP_IXOSC     -          pdb_kunitz_rp_formatted -            1.1e-26   88.7  13.3   8.4e-22   73.0   2.5   2.3   2   0   0   2   2   2   2 Ixolaris OS=Ixodes scapularis OX=6945 PE=1 SV=1
sp|P00981|VKTHK_DENPO     -          pdb_kunitz_rp_formatted -            1.1e-26   88.6   4.6   1.4e-26   88.3   4.6   1.0   1   0   0   1   1   1   1 Kunitz-type serine protease inhibitor homolog dendrotoxin K (Fragment) OS=Dendroaspis polylepis polylepis OX=8620 PE=1 SV=2
sp|P0DN12|VKT8_ANEVI      -          pdb_kunitz_rp_formatted -            1.1e-26   88.6   5.5   1.4e-26   88.3   5.5   1.1   1   0   0   1   1   1   1 U-actitoxin-Avd3k OS=Anemonia viridis OX=51769 PE=3 SV=1
sp|A8Y7N9|VKTC6_DABSI     -          pdb_kunitz_rp_formatted -            1.6e-26   88.1   8.8   1.9e-26   87.9   8.8   1.1   1   0   0   1   1   1   1 Kunitz-type serine protease inhibitor C6 OS=Daboia siamensis OX=343250 PE=2 SV=1
sp|Q8T3S7|VKT1_ARAVE      -          pdb_kunitz_rp_formatted -            1.7e-26   88.0   5.8     2e-26   87.8   5.8   1.1   1   0   0   1   1   1   1 Kunitz-type U1-aranetoxin-Av1a OS=Araneus ventricosus OX=182803 PE=3 SV=1
sp|F8J2F4|VKT16_DRYCN     -          pdb_kunitz_rp_formatted -            1.9e-26   87.9   6.4   2.2e-26   87.7   6.4   1.0   1   0   0   1   1   1   1 Kunitz-type serine protease inhibitor 161 OS=Drysdalia coronoides OX=66186 PE=1 SV=1
sp|P00994|ISIK_HELPO      -          pdb_kunitz_rp_formatted -            1.9e-26   87.8   9.5   2.1e-26   87.7   9.5   1.0   1   0   0   1   1   1   1 Isoinhibitor K OS=Helix pomatia OX=6536 PE=1 SV=1
sp|B5L5R4|IVBI4_NOTSC     -          pdb_kunitz_rp_formatted -              2e-26   87.8   4.5   2.2e-26   87.6   4.5   1.0   1   0   0   1   1   1   1 Tigerin-4 OS=Notechis scutatus scutatus OX=70142 PE=3 SV=1
sp|A6MFL4|VKT4_DEMVE      -          pdb_kunitz_rp_formatted -            2.1e-26   87.7   7.5   2.3e-26   87.6   7.5   1.0   1   0   0   1   1   1   1 Kunitz-type serine protease inhibitor vestiginin-4 OS=Demansia vestigiata OX=412038 PE=2 SV=1
sp|P0DN13|VKT9_ANEVI      -          pdb_kunitz_rp_formatted -            2.1e-26   87.7   6.7   2.6e-26   87.4   6.7   1.1   1   0   0   1   1   1   1 U-actitoxin-Avd3l OS=Anemonia viridis OX=51769 PE=3 SV=1
sp|Q6T6S5|VKT2_BITGA      -          pdb_kunitz_rp_formatted -            2.3e-26   87.6  11.6   2.7e-26   87.4  11.6   1.1   1   0   0   1   1   1   1 Kunitz-type serine protease inhibitor bitisilin-2 OS=Bitis gabonica OX=8694 PE=1 SV=1
sp|B2G331|VKT2B_RADCR     -          pdb_kunitz_rp_formatted -            2.4e-26   87.6   4.9   2.9e-26   87.3   4.9   1.1   1   0   0   1   1   1   1 TauPI-stichotoxin-Hcr2b OS=Radianthus crispa OX=3122430 PE=1 SV=1
sp|A6MGY1|VKT7_DEMVE      -          pdb_kunitz_rp_formatted -            2.6e-26   87.4   5.4     3e-26   87.2   5.4   1.0   1   0   0   1   1   1   1 Kunitz-type serine protease inhibitor vestiginin-7 OS=Demansia vestigiata OX=412038 PE=1 SV=1
sp|E7FL11|VKT1_PSERS      -          pdb_kunitz_rp_formatted -            2.7e-26   87.4   6.4     3e-26   87.2   6.4   1.0   1   0   0   1   1   1   1 Kunitz serine protease inhibitor Pr-mulgin 1 OS=Pseudechis rossignolii OX=1489342 PE=1 SV=1
sp|B5KL38|VKT1_AUSSU      -          pdb_kunitz_rp_formatted -            2.8e-26   87.3   5.5   3.2e-26   87.1   5.5   1.0   1   0   0   1   1   1   1 Kunitz-type serine protease inhibitor superbin-1 OS=Austrelaps superbus OX=29156 PE=2 SV=1
sp|Q6ITB3|VKT1_NOTSC      -          pdb_kunitz_rp_formatted -              3e-26   87.2   3.1   3.3e-26   87.1   3.1   1.0   1   0   0   1   1   1   1 Kunitz-type serine protease inhibitor tigerin-1 OS=Notechis scutatus scutatus OX=70142 PE=2 SV=1
sp|B5KL33|VKT2_TROCA      -          pdb_kunitz_rp_formatted -              3e-26   87.2   3.1   3.3e-26   87.1   3.1   1.0   1   0   0   1   1   1   1 Kunitz-type serine protease inhibitor carinatin-2 OS=Tropidechis carinatus OX=100989 PE=2 SV=1
sp|P0DN10|VKT6_ANEVI      -          pdb_kunitz_rp_formatted -            3.2e-26   87.1   7.3   3.9e-26   86.9   7.3   1.1   1   0   0   1   1   1   1 U-actitoxin-Avd3i OS=Anemonia viridis OX=51769 PE=3 SV=1
sp|B5L5R1|IVBI5_PSEPO     -          pdb_kunitz_rp_formatted -            3.4e-26   87.1   6.5   3.8e-26   86.9   6.5   1.0   1   0   0   1   1   1   1 Blackelin-5 OS=Pseudechis porphyriacus OX=8671 PE=3 SV=1
sp|A6MFL1|VKT1_DEMVE      -          pdb_kunitz_rp_formatted -            3.6e-26   87.0   5.8   4.1e-26   86.8   5.8   1.0   1   0   0   1   1   1   1 Kunitz-type serine protease inhibitor vestiginin-1 OS=Demansia vestigiata OX=412038 PE=2 SV=1
sp|P0DN19|VKTF_ANEVI      -          pdb_kunitz_rp_formatted -            3.7e-26   86.9   7.0   4.3e-26   86.7   7.0   1.1   1   0   0   1   1   1   1 U-actitoxin-Avd3r (Fragment) OS=Anemonia viridis OX=51769 PE=2 SV=1
sp|P79307|A4_PIG          -          pdb_kunitz_rp_formatted -              4e-26   86.8   5.1   8.2e-26   85.8   5.1   1.5   1   0   0   1   1   1   1 Amyloid-beta precursor protein OS=Sus scrofa OX=9823 GN=APP PE=2 SV=2
sp|Q6ITC1|VKTH1_PSEAU     -          pdb_kunitz_rp_formatted -            4.2e-26   86.8   6.1   4.7e-26   86.6   6.1   1.0   1   0   0   1   1   1   1 Kunitz-type serine protease inhibitor homolog mulgin-1 OS=Pseudechis australis OX=8670 PE=2 SV=1
sp|C0HJU6|VKT2F_RADCR     -          pdb_kunitz_rp_formatted -            4.4e-26   86.7   4.5   4.6e-26   86.6   4.5   1.0   1   0   0   1   1   1   1 PI-stichotoxin-Hcr2f OS=Radianthus crispa OX=3122430 PE=1 SV=1
sp|C0HLA9|MAMB6_DENVI     -          pdb_kunitz_rp_formatted -            4.8e-26   86.6   7.4   5.2e-26   86.5   7.4   1.0   1   0   0   1   1   1   1 Mambaquaretin-6 OS=Dendroaspis viridis OX=8621 PE=1 SV=1
sp|A0A3G2FQK2|3DPD_HETMG  -          pdb_kunitz_rp_formatted -            5.1e-26   86.5   6.8   5.1e-26   86.5   6.8   1.7   1   1   1   2   2   1   1 PI-stichotoxin-Hmg3d (Fragment) OS=Heteractis magnifica OX=38281 PE=1 SV=1
sp|A6MGX9|VKT5_DEMVE      -          pdb_kunitz_rp_formatted -            5.8e-26   86.3   5.1   6.6e-26   86.1   5.1   1.0   1   0   0   1   1   1   1 Kunitz-type serine protease inhibitor vestiginin-5 OS=Demansia vestigiata OX=412038 PE=2 SV=1
sp|B5KF94|VKT1_HOPST      -          pdb_kunitz_rp_formatted -              6e-26   86.3   5.2   6.7e-26   86.1   5.2   1.0   1   0   0   1   1   1   1 Kunitz-type serine protease inhibitor stephenin-1 OS=Hoplocephalus stephensii OX=196418 PE=2 SV=1
sp|E7FL13|VKT3_PSERS      -          pdb_kunitz_rp_formatted -            6.8e-26   86.1   6.7   7.7e-26   85.9   6.7   1.0   1   0   0   1   1   1   1 Kunitz serine protease inhibitor Pr-mulgin 3 OS=Pseudechis rossignolii OX=1489342 PE=2 SV=1
sp|B5KL31|VKT3_PSEPO      -          pdb_kunitz_rp_formatted -            7.2e-26   86.0   5.8   8.1e-26   85.8   5.8   1.0   1   0   0   1   1   1   1 Kunitz-type serine protease inhibitor blackelin-3 OS=Pseudechis porphyriacus OX=8671 PE=2 SV=1
sp|B5KL34|VKT3_CRYNI      -          pdb_kunitz_rp_formatted -              8e-26   85.9   5.8     9e-26   85.7   5.8   1.0   1   0   0   1   1   1   1 Kunitz-type serine protease inhibitor nigrescinin-3 OS=Cryptophis nigrescens OX=292442 PE=2 SV=1
sp|Q6ITB8|VKT4_PSEAU      -          pdb_kunitz_rp_formatted -            8.8e-26   85.7   5.8   9.9e-26   85.6   5.8   1.0   1   0   0   1   1   1   1 Kunitz-type serine protease inhibitor mulgin-4 OS=Pseudechis australis OX=8670 PE=2 SV=1
sp|B5L5Q8|VKT5_PSEAU      -          pdb_kunitz_rp_formatted -            9.6e-26   85.6   6.1   1.1e-25   85.4   6.1   1.0   1   0   0   1   1   1   1 Kunitz-type serine protease inhibitor mulgin-5 OS=Pseudechis australis OX=8670 PE=3 SV=1
sp|H2A0P0|KCP5_PINMG      -          pdb_kunitz_rp_formatted -            9.9e-26   85.6  29.2   1.3e-14   49.9   5.5   2.2   2   0   0   2   2   2   2 BPTI/Kunitz domain-containing protein 5 OS=Margaritifera margaritifera OX=102329 PE=1 SV=1
sp|P0DN14|VKTA_ANEVI      -          pdb_kunitz_rp_formatted -            1.1e-25   85.4   7.5   1.3e-25   85.2   7.5   1.1   1   0   0   1   1   1   1 U-actitoxin-Avd3m OS=Anemonia viridis OX=51769 PE=3 SV=1
sp|B5KL30|VKT4_OXYSC      -          pdb_kunitz_rp_formatted -            1.3e-25   85.2   3.1   1.5e-25   85.0   3.1   1.0   1   0   0   1   1   1   1 Kunitz-type serine protease inhibitor scutellin-4 OS=Oxyuranus scutellatus scutellatus OX=8667 PE=2 SV=1
sp|P25660|VKT9_BUNFA      -          pdb_kunitz_rp_formatted -            1.7e-25   84.8   8.1   1.9e-25   84.6   8.1   1.0   1   0   0   1   1   1   1 Kunitz-type serine protease inhibitor IX OS=Bungarus fasciatus OX=8613 PE=1 SV=1
sp|P0DN20|VKTG_ANEVI      -          pdb_kunitz_rp_formatted -            1.8e-25   84.7   6.2   2.1e-25   84.5   6.2   1.1   1   0   0   1   1   1   1 U-actitoxin-Avd3s (Fragment) OS=Anemonia viridis OX=51769 PE=2 SV=1
sp|C1IC53|VKT4_WALAE      -          pdb_kunitz_rp_formatted -            1.8e-25   84.7   8.5   2.3e-25   84.4   8.5   1.1   1   0   0   1   1   1   1 Protease inhibitor 4 OS=Walterinnesia aegyptia OX=64182 PE=1 SV=1
sp|B2KTG1|VKT_BUNFA       -          pdb_kunitz_rp_formatted -            2.2e-25   84.4   7.4   2.7e-25   84.2   7.4   1.0   1   0   0   1   1   1   1 Kunitz-type serine protease inhibitor bungaruskunin OS=Bungarus fasciatus OX=8613 PE=1 SV=1
sp|A6MFL2|VKT2_DEMVE      -          pdb_kunitz_rp_formatted -            2.7e-25   84.2   6.8     3e-25   84.0   6.8   1.0   1   0   0   1   1   1   1 Kunitz-type serine protease inhibitor vestiginin-2 OS=Demansia vestigiata OX=412038 PE=2 SV=1
sp|P0DKL8|VKT_VIPRE       -          pdb_kunitz_rp_formatted -            2.8e-25   84.1   8.0   3.1e-25   84.0   8.0   1.0   1   0   0   1   1   1   1 Kunitz-type serine protease inhibitor Vur-KIn OS=Vipera renardi OX=927686 PE=1 SV=1
sp|A8Y7N6|VKTC3_DABSI     -          pdb_kunitz_rp_formatted -            2.9e-25   84.1   8.3   3.3e-25   83.9   8.3   1.0   1   0   0   1   1   1   1 Kunitz-type serine protease inhibitor C3 OS=Daboia siamensis OX=343250 PE=2 SV=1
sp|A8Y7N7|VKTC4_DABSI     -          pdb_kunitz_rp_formatted -            4.3e-25   83.5   8.2   4.9e-25   83.3   8.2   1.1   1   0   0   1   1   1   1 Kunitz-type serine protease inhibitor C4 OS=Daboia siamensis OX=343250 PE=2 SV=1
sp|P00979|VKTH1_DENPO     -          pdb_kunitz_rp_formatted -              5e-25   83.3   6.7   5.7e-25   83.1   6.7   1.0   1   0   0   1   1   1   1 Kunitz-type serine protease inhibitor homolog dendrotoxin I OS=Dendroaspis polylepis polylepis OX=8620 PE=1 SV=2
sp|H6VC06|VKTK2_DABRR     -          pdb_kunitz_rp_formatted -            5.4e-25   83.2   6.4   6.1e-25   83.0   6.4   1.0   1   0   0   1   1   1   1 Kunitz-type serine protease inhibitor DrKIn-II OS=Daboia russelii OX=8707 PE=1 SV=1
sp|Q06481|APLP2_HUMAN     -          pdb_kunitz_rp_formatted -            5.5e-25   83.2   3.0   5.5e-25   83.2   3.0   2.3   3   0   0   3   3   1   1 Amyloid beta precursor like protein 2 OS=Homo sapiens OX=9606 GN=APLP2 PE=1 SV=2
sp|F6ULY1|WFC6B_MOUSE     -          pdb_kunitz_rp_formatted -            8.1e-25   82.6   0.9   1.9e-24   81.4   0.9   1.6   1   0   0   1   1   1   1 WAP four-disulfide core domain protein 6B OS=Mus musculus OX=10090 GN=Wfdc6b PE=2 SV=1
sp|F8J2F6|VKT18_DRYCN     -          pdb_kunitz_rp_formatted -            8.5e-25   82.6   5.8   9.7e-25   82.4   5.8   1.0   1   0   0   1   1   1   1 Kunitz-type serine protease inhibitor 18 OS=Drysdalia coronoides OX=66186 PE=1 SV=1
sp|E5AJX3|VKT_VIPNI       -          pdb_kunitz_rp_formatted -            9.1e-25   82.5   9.2   1.1e-24   82.3   9.2   1.1   1   0   0   1   1   1   1 Kunitz-type serine protease inhibitor ki-VN OS=Vipera nikolskii OX=1808362 PE=2 SV=1
sp|C8YJ94|KUN2_TABYA      -          pdb_kunitz_rp_formatted -              1e-24   82.3   9.7   1.2e-24   82.1   9.7   1.1   1   0   0   1   1   1   1 Tabkunin 2 OS=Tabanus yao OX=485572 PE=1 SV=1
sp|B5KL41|VKT4_AUSSU      -          pdb_kunitz_rp_formatted -            1.1e-24   82.2   7.8   1.2e-24   82.1   7.8   1.0   1   0   0   1   1   1   1 Kunitz-type serine protease inhibitor superbin-4 OS=Austrelaps superbus OX=29156 PE=2 SV=1
sp|P00990|VKT2_DABSI      -          pdb_kunitz_rp_formatted -            1.1e-24   82.2   8.3   1.2e-24   82.1   8.3   1.0   1   0   0   1   1   1   1 Kunitz-type serine protease inhibitor 2 OS=Daboia siamensis OX=343250 PE=1 SV=1
sp|Q29428|TKDP1_SHEEP     -          pdb_kunitz_rp_formatted -            1.5e-24   81.8   5.7   2.5e-24   81.1   5.7   1.4   1   0   0   1   1   1   1 Trophoblast Kunitz domain protein 1 OS=Ovis aries OX=9940 GN=TKDP1 PE=2 SV=1
sp|P0DN18|VKTE_ANEVI      -          pdb_kunitz_rp_formatted -            1.6e-24   81.7   7.6   1.9e-24   81.5   7.6   1.1   1   0   0   1   1   1   1 U-actitoxin-Avd3q OS=Anemonia viridis OX=51769 PE=3 SV=1
sp|A7X3V4|VKT1_TELDH      -          pdb_kunitz_rp_formatted -            1.7e-24   81.6  10.7   1.9e-24   81.4  10.7   1.1   1   0   0   1   1   1   1 Kunitz-type serine protease inhibitor kunitoxin-Tel1 OS=Telescopus dhara OX=338837 PE=2 SV=1
sp|A8Y7P4|VKTB4_DABSI     -          pdb_kunitz_rp_formatted -            1.7e-24   81.6   6.4     2e-24   81.4   6.4   1.0   1   0   0   1   1   1   1 Kunitz-type serine protease inhibitor B4 OS=Daboia siamensis OX=343250 PE=2 SV=1
sp|P20229|VKTTI_NAJNA     -          pdb_kunitz_rp_formatted -            2.1e-24   81.3   7.2   2.2e-24   81.2   7.2   1.0   1   0   0   1   1   1   1 Kunitz-type serine protease inhibitor OS=Naja naja OX=35670 PE=1 SV=1
sp|A8Y7P6|VKTB6_DABSI     -          pdb_kunitz_rp_formatted -            2.9e-24   80.9   8.9   3.3e-24   80.7   8.9   1.0   1   0   0   1   1   1   1 Kunitz-type serine protease inhibitor B6 OS=Daboia siamensis OX=343250 PE=2 SV=1
sp|A8Y7N4|VKTC1_DABSI     -          pdb_kunitz_rp_formatted -            2.9e-24   80.9   9.3   3.4e-24   80.7   9.3   1.1   1   0   0   1   1   1   1 Kunitz-type serine protease inhibitor C1 OS=Daboia siamensis OX=343250 PE=2 SV=1
sp|H6VC05|VKTK1_DABRR     -          pdb_kunitz_rp_formatted -            2.9e-24   80.9   9.3   3.4e-24   80.7   9.3   1.1   1   0   0   1   1   1   1 Kunitz-type serine protease inhibitor DrKIn-I OS=Daboia russelii OX=8707 PE=1 SV=1
sp|C1IBY4|KUN1_TABYA      -          pdb_kunitz_rp_formatted -              3e-24   80.8   9.2   3.3e-24   80.7   9.2   1.1   1   0   0   1   1   1   1 Tabkunin 1 OS=Tabanus yao OX=485572 PE=3 SV=1
sp|A8Y7P0|VKTB7_DABSI     -          pdb_kunitz_rp_formatted -            4.1e-24   80.4   8.5   4.7e-24   80.2   8.5   1.0   1   0   0   1   1   1   1 Kunitz-type serine protease inhibitor 7 OS=Daboia siamensis OX=343250 PE=2 SV=1
sp|Q2ES50|VKT1_DABRR      -          pdb_kunitz_rp_formatted -            4.1e-24   80.4   8.5   4.7e-24   80.2   8.5   1.0   1   0   0   1   1   1   1 Kunitz-type serine protease inhibitor 1 OS=Daboia russelii OX=8707 PE=2 SV=1
sp|A8Y7N8|VKTC5_DABSI     -          pdb_kunitz_rp_formatted -            4.1e-24   80.4   8.9   4.7e-24   80.2   8.9   1.1   1   0   0   1   1   1   1 Kunitz-type serine protease inhibitor C5 OS=Daboia siamensis OX=343250 PE=2 SV=1
sp|B5KL29|VKT3_OXYSC      -          pdb_kunitz_rp_formatted -            5.4e-24   80.0   4.3   6.1e-24   79.8   4.3   1.0   1   0   0   1   1   1   1 Kunitz-type serine protease inhibitor scutellin-3 OS=Oxyuranus scutellatus scutellatus OX=8667 PE=2 SV=1
sp|B4ESA4|VKT3L_BUNMU     -          pdb_kunitz_rp_formatted -            5.7e-24   79.9  10.3   6.4e-24   79.8  10.3   1.0   1   0   0   1   1   1   1 Kunitz-type serine protease inhibitor PILP-3 OS=Bungarus multicinctus OX=8616 PE=3 SV=1
sp|P0C8W3|VKT11_HOFGE     -          pdb_kunitz_rp_formatted -            6.6e-24   79.7   7.2   7.9e-24   79.5   7.2   1.1   1   0   0   1   1   1   1 Kunitz-type serine protease inhibitor Hg1 OS=Hoffmannihadrurus gertschi OX=380989 PE=1 SV=1
sp|B5M0W4|SV66_SIMVI      -          pdb_kunitz_rp_formatted -            7.2e-24   79.6   7.9     9e-24   79.3   7.9   1.1   1   0   0   1   1   1   1 Simukunin OS=Simulium vittatum OX=7192 PE=1 SV=1
sp|Q3UW55|WFC6A_MOUSE     -          pdb_kunitz_rp_formatted -            7.3e-24   79.6   0.4   1.8e-23   78.3   0.4   1.7   1   0   0   1   1   1   1 WAP four-disulfide core domain protein 6A OS=Mus musculus OX=10090 GN=Wfdc6a PE=2 SV=1
sp|O62845|ELAC_NOTEU      -          pdb_kunitz_rp_formatted -            9.6e-24   79.2   4.6   1.7e-23   78.4   4.6   1.4   1   0   0   1   1   1   1 Early lactation protein OS=Notamacropus eugenii OX=9315 GN=ELP PE=1 SV=1
sp|A8Y7P2|VKTB2_DABSI     -          pdb_kunitz_rp_formatted -            1.3e-23   78.8   8.7   1.5e-23   78.6   8.7   1.0   1   0   0   1   1   1   1 Kunitz-type serine protease inhibitor B2 OS=Daboia siamensis OX=343250 PE=2 SV=1
sp|O93279|A4_TAKRU        -          pdb_kunitz_rp_formatted -              2e-23   78.2   3.4   3.8e-23   77.3   3.4   1.5   1   0   0   1   1   1   1 Amyloid-beta A4 protein OS=Takifugu rubripes OX=31033 GN=app PE=3 SV=1
sp|P0DJ46|VKT21_LYCMC     -          pdb_kunitz_rp_formatted -            2.7e-23   77.8   6.8   3.2e-23   77.5   6.8   1.1   1   0   0   1   1   1   1 Kunitz-type serine protease inhibitor LmKTT-1a OS=Lychas mucronatus OX=172552 PE=1 SV=1
sp|B5L5Q1|VKT7_PSETT      -          pdb_kunitz_rp_formatted -              3e-23   77.6   4.4   3.4e-23   77.4   4.4   1.0   1   0   0   1   1   1   1 Kunitz-type serine protease inhibitor textilinin-7 OS=Pseudonaja textilis textilis OX=169397 PE=3 SV=1
sp|B5KL28|VKT4_OXYMI      -          pdb_kunitz_rp_formatted -            3.8e-23   77.3   4.0   4.3e-23   77.1   4.0   1.0   1   0   0   1   1   1   1 Kunitz-type serine protease inhibitor microlepidin-4 OS=Oxyuranus microlepidotus OX=111177 PE=2 SV=1
sp|Q7T2Q6|VKTHB_BUNFL     -          pdb_kunitz_rp_formatted -            4.1e-23   77.2   9.3   4.7e-23   77.0   9.3   1.0   1   0   0   1   1   1   1 Kunitz-type serine protease inhibitor homolog beta-bungarotoxin B chain OS=Bungarus flaviceps flaviceps OX=8615 PE=1 SV=1
sp|O95925|EPPI_HUMAN      -          pdb_kunitz_rp_formatted -            1.1e-22   75.8   7.4     3e-22   74.4   7.4   1.8   1   0   0   1   1   1   1 Eppin OS=Homo sapiens OX=9606 GN=EPPIN PE=1 SV=1
sp|P0DJ45|VKT22_LYCMC     -          pdb_kunitz_rp_formatted -            1.2e-22   75.7   7.4   1.5e-22   75.4   7.4   1.1   1   0   0   1   1   1   1 Kunitz-type serine protease inhibitor LmKTT-1b OS=Lychas mucronatus OX=172552 PE=2 SV=1
sp|Q0PL65|VKTH7_BUNMU     -          pdb_kunitz_rp_formatted -            1.3e-22   75.6  11.1   1.4e-22   75.5  11.1   1.0   1   0   0   1   1   1   1 Kunitz-type serine protease inhibitor homolog beta-bungarotoxin B5-B chain OS=Bungarus multicinctus OX=8616 PE=2 SV=1
sp|P15989|CO6A3_CHICK     -          pdb_kunitz_rp_formatted -            1.7e-22   75.2   5.0   4.6e-22   73.8   5.0   1.7   1   0   0   1   1   1   1 Collagen alpha-3(VI) chain OS=Gallus gallus OX=9031 GN=COL6A3 PE=2 SV=2
sp|D2Y489|VKT1B_CONCL     -          pdb_kunitz_rp_formatted -              2e-22   75.0   4.5   2.2e-22   74.9   4.5   1.0   1   0   0   1   1   1   1 Kunitz-type serine protease inhibitor conotoxin Cal9.1b (Fragment) OS=Californiconus californicus OX=1736779 PE=2 SV=1
sp|Q9BDL1|EPPI_MACMU      -          pdb_kunitz_rp_formatted -            2.2e-22   74.8   8.1     5e-22   73.7   8.1   1.6   1   0   0   1   1   1   1 Eppin OS=Macaca mulatta OX=9544 GN=EPPIN PE=2 SV=1
sp|P16044|IBPI_TACTR      -          pdb_kunitz_rp_formatted -            2.2e-22   74.8   7.5   2.6e-22   74.6   7.5   1.0   1   0   0   1   1   1   1 Proteinase inhibitor OS=Tachypleus tridentatus OX=6853 PE=1 SV=1
sp|Q9DA01|EPPI_MOUSE      -          pdb_kunitz_rp_formatted -              3e-22   74.4   9.3   7.2e-22   73.2   9.3   1.7   1   0   0   1   1   1   1 Eppin OS=Mus musculus OX=10090 GN=Eppin PE=1 SV=1
sp|P19859|VKTCI_NAJNA     -          pdb_kunitz_rp_formatted -            4.2e-22   74.0   9.5   4.4e-22   73.9   9.5   1.0   1   0   0   1   1   1   1 Kunitz-type serine protease inhibitor OS=Naja naja OX=35670 PE=1 SV=1
sp|P86959|KCP1_PINMA      -          pdb_kunitz_rp_formatted -            4.2e-22   73.9   9.5   7.5e-22   73.1   9.5   1.4   1   0   0   1   1   1   1 BPTI/Kunitz domain-containing protein 1 OS=Pinctada maxima OX=104660 PE=1 SV=1
sp|Q29143|ELAC_TRIVU      -          pdb_kunitz_rp_formatted -              5e-22   73.7   3.0   6.9e-22   73.3   3.0   1.2   1   0   0   1   1   1   1 Early lactation protein OS=Trichosurus vulpecula OX=9337 GN=ELP PE=1 SV=1
sp|D2Y490|VKT1C_CONCL     -          pdb_kunitz_rp_formatted -            5.2e-22   73.7   5.4   5.6e-22   73.6   5.4   1.0   1   0   0   1   1   1   1 Kunitz-type serine protease inhibitor conotoxin Cal9.1c (Fragment) OS=Californiconus californicus OX=1736779 PE=2 SV=1
sp|P86964|KCP3_PINMA      -          pdb_kunitz_rp_formatted -              7e-22   73.2  21.6   8.4e-12   41.0   6.2   2.2   2   0   0   2   2   2   2 BPTI/Kunitz domain-containing protein 3 OS=Pinctada maxima OX=104660 PE=1 SV=1
sp|B5L5Q6|VKT5_OXYMI      -          pdb_kunitz_rp_formatted -            1.1e-21   72.6   2.0   1.3e-21   72.4   2.0   1.0   1   0   0   1   1   1   1 Kunitz-type serine protease inhibitor microlepidin-5 OS=Oxyuranus microlepidotus OX=111177 PE=3 SV=1
sp|P00983|MAMB7_DENPO     -          pdb_kunitz_rp_formatted -            1.4e-21   72.3   6.6   1.4e-21   72.2   6.6   1.0   1   0   0   1   1   1   1 Mambaquaretin-7 OS=Dendroaspis polylepis polylepis OX=8620 PE=1 SV=1
sp|G3LH89|VKT_BOMIG       -          pdb_kunitz_rp_formatted -              2e-21   71.8   4.6   2.4e-21   71.5   4.6   1.1   1   0   0   1   1   1   1 Kunitz-type serine protease inhibitor Bi-KTI OS=Bombus ignitus OX=130704 PE=2 SV=1
sp|Q589G4|VKT19_ANOSM     -          pdb_kunitz_rp_formatted -            4.2e-21   70.7   2.4   4.7e-21   70.6   2.4   1.0   1   0   0   1   1   1   1 Kunitz-type serine protease inhibitor As-fr-19 OS=Anoplius samariensis OX=200614 PE=1 SV=1
sp|P0DJ66|VKT17_CYRHA     -          pdb_kunitz_rp_formatted -            9.6e-21   69.6   9.1   1.5e-20   69.0   9.1   1.3   1   0   0   1   1   1   1 Kunitz-type serine protease inhibitor HNTX-03141017 (Fragment) OS=Cyriopagopus hainanus OX=209901 PE=2 SV=1
sp|P0CY85|VKTB1_CONBU     -          pdb_kunitz_rp_formatted -              1e-20   69.5   5.0   1.2e-20   69.2   5.0   1.1   1   0   0   1   1   1   1 Kunitz-type conkunitzin-B1 OS=Conus bullatus OX=89438 PE=3 SV=1
sp|Q1RPS9|VKTH5_BUNMU     -          pdb_kunitz_rp_formatted -            1.1e-20   69.4  10.9   1.3e-20   69.2  10.9   1.1   1   0   0   1   1   1   1 Kunitz-type serine protease inhibitor homolog beta-bungarotoxin B5 chain OS=Bungarus multicinctus OX=8616 PE=3 SV=1
sp|P10832|ISC2_BOMMO      -          pdb_kunitz_rp_formatted -            1.9e-20   68.7   8.3     2e-20   68.5   8.3   1.1   1   0   0   1   1   1   1 Chymotrypsin inhibitor SCI-II OS=Bombyx mori OX=7091 PE=1 SV=1
sp|P10831|ISC1_BOMMO      -          pdb_kunitz_rp_formatted -            2.7e-20   68.2   7.8   2.9e-20   68.0   7.8   1.1   1   0   0   1   1   1   1 Chymotrypsin inhibitor SCI-I OS=Bombyx mori OX=7091 PE=1 SV=1
sp|Q1RPS8|VKTH6_BUNMU     -          pdb_kunitz_rp_formatted -            4.8e-20   67.4  10.1   5.6e-20   67.1  10.1   1.1   1   0   0   1   1   1   1 Kunitz-type serine protease inhibitor homolog beta-bungarotoxin B6 chain OS=Bungarus multicinctus OX=8616 PE=3 SV=1
sp|Q8T0W4|VKT2_PIMHY      -          pdb_kunitz_rp_formatted -            8.2e-20   66.6   2.7   1.1e-19   66.2   2.7   1.2   1   0   0   1   1   1   1 Kunitz-type serine protease inhibitor cvp2 OS=Pimpla hypochondriaca OX=135724 PE=1 SV=1
sp|D2Y2G1|VKTJ1_CYRHA     -          pdb_kunitz_rp_formatted -            1.1e-19   66.2   5.9   1.3e-19   65.9   5.9   1.1   1   0   0   1   1   1   1 Kunitz-type U15-theraphotoxin-Hhn1j OS=Cyriopagopus hainanus OX=209901 PE=3 SV=1
sp|P0DMJ1|VKT39_CYRSC     -          pdb_kunitz_rp_formatted -            1.2e-19   66.1   4.0   1.5e-19   65.8   4.0   1.1   1   0   0   1   1   1   1 Kunitz-type U15-theraphotoxin-Hs1g OS=Cyriopagopus schmidti OX=29017 PE=3 SV=1
sp|D2Y2Q8|VKTQ1_CYRHA     -          pdb_kunitz_rp_formatted -            1.6e-19   65.7   5.7   1.9e-19   65.4   5.7   1.1   1   0   0   1   1   1   1 Kunitz-type U15-theraphotoxin-Hhn1q OS=Cyriopagopus hainanus OX=209901 PE=3 SV=1
sp|D2Y2Q1|VKTL1_CYRHA     -          pdb_kunitz_rp_formatted -            3.8e-19   64.5   6.3   4.6e-19   64.2   6.3   1.1   1   0   0   1   1   1   1 Kunitz-type U15-theraphotoxin-Hhn1l OS=Cyriopagopus hainanus OX=209901 PE=3 SV=1
sp|D2Y2Q5|VKTN1_CYRHA     -          pdb_kunitz_rp_formatted -            6.5e-19   63.7   5.9   7.8e-19   63.5   5.9   1.1   1   0   0   1   1   1   1 Kunitz-type U15-theraphotoxin-Hhn1n OS=Cyriopagopus hainanus OX=209901 PE=3 SV=1
sp|P81906|ISPI2_GALME     -          pdb_kunitz_rp_formatted -            8.3e-19   63.4   1.0     9e-19   63.3   1.0   1.0   1   0   0   1   1   1   1 Inducible serine protease inhibitor 2 (Fragment) OS=Galleria mellonella OX=7137 PE=1 SV=1
sp|B2ZBB8|VKT33_CYRSC     -          pdb_kunitz_rp_formatted -            4.2e-18   61.1   3.0   5.1e-18   60.9   3.0   1.1   1   0   0   1   1   1   1 Kunitz-type U15-theraphotoxin-Hs1a OS=Cyriopagopus schmidti OX=29017 PE=3 SV=1
sp|P0DJ75|VKT2_CYRSC      -          pdb_kunitz_rp_formatted -            4.2e-18   61.1   3.0   5.1e-18   60.9   3.0   1.1   1   0   0   1   1   1   1 Kunitz-type U15-theraphotoxin-Hs1a OS=Cyriopagopus schmidti OX=29017 PE=3 SV=1
sp|P0DJ78|VKT6_CYRSC      -          pdb_kunitz_rp_formatted -            4.2e-18   61.1   3.0   5.1e-18   60.9   3.0   1.1   1   0   0   1   1   1   1 Kunitz-type U15-theraphotoxin-Hs1a OS=Cyriopagopus schmidti OX=29017 PE=3 SV=1
sp|Q9D263|SPIT4_MOUSE     -          pdb_kunitz_rp_formatted -            7.4e-18   60.3   5.1     1e-17   59.9   5.1   1.2   1   0   0   1   1   1   1 Kunitz-type protease inhibitor 4 OS=Mus musculus OX=10090 GN=Spint4 PE=2 SV=1
sp|D2Y2C2|VKTA1_CYRHA     -          pdb_kunitz_rp_formatted -            7.5e-18   60.3   3.3   9.1e-18   60.1   3.3   1.1   1   0   0   1   1   1   1 Kunitz-type U15-theraphotoxin-Hhn1a OS=Cyriopagopus hainanus OX=209901 PE=3 SV=1
sp|P0DJ70|VKT53_CYRHA     -          pdb_kunitz_rp_formatted -            7.5e-18   60.3   3.3   9.1e-18   60.1   3.3   1.1   1   0   0   1   1   1   1 Kunitz-type U15-theraphotoxin-Hhn1a OS=Cyriopagopus hainanus OX=209901 PE=3 SV=1
sp|D2Y2F4|VKTC1_CYRHA     -          pdb_kunitz_rp_formatted -              9e-18   60.1   3.1   1.1e-17   59.8   3.1   1.1   1   0   0   1   1   1   1 Kunitz-type U15-theraphotoxin-Hhn1c OS=Cyriopagopus hainanus OX=209901 PE=3 SV=1
sp|Q8MVC4|TFPIL_IXOSC     -          pdb_kunitz_rp_formatted -            9.1e-18   60.1  36.9   1.7e-07   27.2   0.9   6.2   4   1   2   6   6   5   3 Penthalaris OS=Ixodes scapularis OX=6945 PE=1 SV=1
sp|D2Y2F8|VKTG1_CYRHA     -          pdb_kunitz_rp_formatted -            9.8e-18   60.0   3.2   1.2e-17   59.7   3.2   1.1   1   0   0   1   1   1   1 Kunitz-type U15-theraphotoxin-Hhn1g OS=Cyriopagopus hainanus OX=209901 PE=3 SV=1
sp|P0DJ71|VKT35_CYRHA     -          pdb_kunitz_rp_formatted -              1e-17   59.9   4.2   1.3e-17   59.6   4.2   1.1   1   0   0   1   1   1   1 Kunitz-type U15-theraphotoxin-Hhn1d OS=Cyriopagopus hainanus OX=209901 PE=3 SV=1
sp|P0DJ69|VKT52_CYRHA     -          pdb_kunitz_rp_formatted -            1.1e-17   59.8   4.6   1.4e-17   59.4   4.6   1.1   1   0   0   1   1   1   1 Kunitz-type serine protease inhibitor HNTX-852 (Fragment) OS=Cyriopagopus hainanus OX=209901 PE=2 SV=1
sp|Q63870|CO7A1_MOUSE     -          pdb_kunitz_rp_formatted -            1.3e-17   59.5   1.1   2.3e-17   58.8   1.1   1.3   1   0   0   1   1   1   1 Collagen alpha-1(VII) chain OS=Mus musculus OX=10090 GN=Col7a1 PE=1 SV=3
sp|C0HLB0|MAMB9_DENVI     -          pdb_kunitz_rp_formatted -            2.2e-17   58.8   9.3   2.4e-17   58.7   9.3   1.0   1   0   0   1   1   1   1 Mambaquaretin-9 OS=Dendroaspis viridis OX=8621 PE=1 SV=1
sp|Q2UY09|COSA1_HUMAN     -          pdb_kunitz_rp_formatted -            4.7e-17   57.8   6.5   9.4e-17   56.8   6.5   1.5   1   0   0   1   1   1   1 Collagen alpha-1(XXVIII) chain OS=Homo sapiens OX=9606 GN=COL28A1 PE=1 SV=2
sp|D2Y2F7|VKTF1_CYRHA     -          pdb_kunitz_rp_formatted -            5.2e-17   57.6   4.5   6.8e-17   57.3   4.5   1.1   1   0   0   1   1   1   1 Kunitz-type U15-theraphotoxin-Hhn1f OS=Cyriopagopus hainanus OX=209901 PE=3 SV=1
sp|P0DJ73|VKT74_CYRHA     -          pdb_kunitz_rp_formatted -            5.2e-17   57.6   4.5   6.8e-17   57.3   4.5   1.1   1   0   0   1   1   1   1 Kunitz-type U15-theraphotoxin-Hhn1f OS=Cyriopagopus hainanus OX=209901 PE=3 SV=1
sp|P0DJ65|VKT7_CYRHA      -          pdb_kunitz_rp_formatted -            8.2e-17   57.0   3.5     1e-16   56.7   3.5   1.1   1   0   0   1   1   1   1 Kunitz-type U15-theraphotoxin-Hhn1h OS=Cyriopagopus hainanus OX=209901 PE=3 SV=1
sp|P0DMW9|VKT34_ACTEQ     -          pdb_kunitz_rp_formatted -            6.5e-16   54.1   1.9   6.7e-16   54.1   1.9   1.0   1   0   0   1   1   1   1 Kunitz-type proteinase inhibitor AEPI-IV (Fragment) OS=Actinia equina OX=6106 PE=1 SV=1
sp|D2Y2G0|VKTI1_CYRHA     -          pdb_kunitz_rp_formatted -            1.5e-15   53.0   3.5   1.8e-15   52.7   3.5   1.1   1   0   0   1   1   1   1 Kunitz-type U15-theraphotoxin-Hhn1i OS=Cyriopagopus hainanus OX=209901 PE=3 SV=1
sp|M9PE65|AXO_DROME       -          pdb_kunitz_rp_formatted -            2.3e-14   49.2   7.2   7.2e-14   47.6   7.2   1.9   1   0   0   1   1   1   1 Axotactin OS=Drosophila melanogaster OX=7227 GN=axo PE=1 SV=1
sp|I6VXS1|KUN2_RHIHE      -          pdb_kunitz_rp_formatted -            4.1e-14   48.3  12.7   8.7e-14   47.3   9.4   2.5   2   0   0   2   2   2   1 Anticoagulant protein rhipilin-2 OS=Rhipicephalus haemaphysaloides OX=237073 PE=2 SV=1
sp|Q09JW6|KUNI_ARGMO      -          pdb_kunitz_rp_formatted -            5.3e-13   44.8  12.8   5.3e-11   38.4   3.8   3.1   3   0   0   3   3   3   2 Monobin OS=Argas monolakensis OX=34602 GN=AM-28 PE=1 SV=1
sp|P26226|HTIA_MANSE      -          pdb_kunitz_rp_formatted -            2.9e-11   39.2   2.5   3.9e-11   38.8   2.5   1.2   1   0   0   1   1   1   1 Hemolymph trypsin inhibitor A (Fragment) OS=Manduca sexta OX=7130 PE=1 SV=1
sp|Q9BQY6|WFDC6_HUMAN     -          pdb_kunitz_rp_formatted -            1.5e-10   36.9   2.5   1.5e-10   36.9   2.5   1.7   2   0   0   2   2   1   1 WAP four-disulfide core domain protein 6 OS=Homo sapiens OX=9606 GN=WFDC6 PE=1 SV=1
sp|D3GGZ8|BLI5_HAECO      -          pdb_kunitz_rp_formatted -             0.0096   12.0   0.3    0.0096   12.0   0.3   2.1   2   0   0   2   2   1   1 Kunitz-type protein bli-5 OS=Haemonchus contortus OX=6289 GN=bli-5 PE=3 SV=1
#
# Program:         hmmsearch
# Version:         3.3.2 (Nov 2020)
# Pipeline mode:   SEARCH
# Query file:      structural_model.hmm
# Target file:     pos_2.fasta
# Option settings: hmmsearch --tblout pos_2.out --max -Z 1000 structural_model.hmm pos_2.fasta 
# Current dir:     /home/alessia_corica/HMM_project/data
# Date:            Thu May  8 10:14:03 2025
# [ok]
